opencv2/build/outputs/logs/manifest-merger-debug-report.txt
-- Merging decision tree log ---
manifest
ADDED from opencv2\java\AndroidManifest.xml:2:1-4:12
INJECTED from opencv2\java\AndroidManifest.xml:2:1-4:12
	package
		ADDED from opencv2\java\AndroidManifest.xml:3:7-27
		INJECTED from opencv2\java\AndroidManifest.xml
	xmlns:android
		ADDED from opencv2\java\AndroidManifest.xml:2:11-69
uses-sdk
INJECTED from opencv2\java\AndroidManifest.xml reason: use-sdk injection requested
INJECTED from opencv2\java\AndroidManifest.xml
INJECTED from opencv2\java\AndroidManifest.xml
	android:targetSdkVersion
		INJECTED from opencv2\java\AndroidManifest.xml
	android:minSdkVersion
		INJECTED from opencv2\java\AndroidManifest.xml